TN:
SF:dist/chef/Operation.js
FN:16,(anonymous_0)
FN:46,(anonymous_1)
FN:53,(anonymous_2)
FN:60,(anonymous_3)
FNF:4
FNH:1
FNDA:69,(anonymous_0)
FNDA:0,(anonymous_1)
FNDA:0,(anonymous_2)
FNDA:0,(anonymous_3)
DA:9,4
DA:10,4
DA:18,69
DA:20,69
DA:22,69
DA:24,69
DA:26,69
DA:28,69
DA:30,69
DA:32,69
DA:34,69
DA:36,69
DA:47,0
DA:54,0
DA:61,0
DA:64,4
DA:65,4
LF:17
LH:14
BRF:0
BRH:0
end_of_record
TN:
SF:dist/chef/Utils.js
FN:25,isWorkerEnvironment
FN:29,(anonymous_1)
FN:38,(anonymous_2)
FN:54,(anonymous_3)
FN:72,(anonymous_4)
FN:78,(anonymous_5)
FN:82,(anonymous_6)
FN:86,(anonymous_7)
FN:92,(anonymous_8)
FN:94,(anonymous_9)
FN:99,(anonymous_10)
FN:118,(anonymous_11)
FN:136,(anonymous_12)
FN:148,(anonymous_13)
FN:154,(anonymous_14)
FN:166,(anonymous_15)
FN:169,(anonymous_16)
FN:171,(anonymous_17)
FN:175,(anonymous_18)
FN:189,(anonymous_19)
FN:205,(anonymous_20)
FN:217,(anonymous_21)
FN:224,(anonymous_22)
FN:225,(anonymous_23)
FN:267,(anonymous_24)
FN:275,(anonymous_25)
FN:276,(anonymous_26)
FN:285,(anonymous_27)
FN:298,(anonymous_28)
FN:319,(anonymous_29)
FN:330,(anonymous_30)
FN:333,(anonymous_31)
FN:338,(anonymous_32)
FN:346,(anonymous_33)
FN:372,(anonymous_34)
FN:393,(anonymous_35)
FN:399,(anonymous_36)
FN:402,(anonymous_37)
FN:410,(anonymous_38)
FN:425,(anonymous_39)
FN:474,(anonymous_40)
FN:477,(anonymous_41)
FN:481,(anonymous_42)
FN:487,sendStatusMessage
FNF:44
FNH:6
FNDA:0,isWorkerEnvironment
FNDA:1178,(anonymous_1)
FNDA:114,(anonymous_2)
FNDA:0,(anonymous_3)
FNDA:0,(anonymous_4)
FNDA:0,(anonymous_5)
FNDA:0,(anonymous_6)
FNDA:0,(anonymous_7)
FNDA:0,(anonymous_8)
FNDA:0,(anonymous_9)
FNDA:0,(anonymous_10)
FNDA:0,(anonymous_11)
FNDA:0,(anonymous_12)
FNDA:0,(anonymous_13)
FNDA:0,(anonymous_14)
FNDA:73,(anonymous_15)
FNDA:695,(anonymous_16)
FNDA:0,(anonymous_17)
FNDA:0,(anonymous_18)
FNDA:0,(anonymous_19)
FNDA:0,(anonymous_20)
FNDA:0,(anonymous_21)
FNDA:0,(anonymous_22)
FNDA:0,(anonymous_23)
FNDA:0,(anonymous_24)
FNDA:0,(anonymous_25)
FNDA:0,(anonymous_26)
FNDA:0,(anonymous_27)
FNDA:19,(anonymous_28)
FNDA:0,(anonymous_29)
FNDA:0,(anonymous_30)
FNDA:0,(anonymous_31)
FNDA:0,(anonymous_32)
FNDA:0,(anonymous_33)
FNDA:86,(anonymous_34)
FNDA:0,(anonymous_35)
FNDA:0,(anonymous_36)
FNDA:0,(anonymous_37)
FNDA:0,(anonymous_38)
FNDA:0,(anonymous_39)
FNDA:0,(anonymous_40)
FNDA:0,(anonymous_41)
FNDA:0,(anonymous_42)
FNDA:0,sendStatusMessage
DA:14,3
DA:15,3
DA:16,3
DA:17,3
DA:19,3
DA:20,3
DA:21,3
DA:22,3
DA:23,3
DA:24,3
DA:26,0
DA:30,1178
DA:31,0
DA:32,0
DA:33,0
DA:34,0
DA:36,1178
DA:39,114
DA:40,0
DA:41,0
DA:42,0
DA:43,0
DA:46,114
DA:55,0
DA:56,0
DA:57,0
DA:59,0
DA:60,0
DA:61,0
DA:63,0
DA:65,0
DA:73,0
DA:74,0
DA:76,0
DA:79,0
DA:80,0
DA:83,0
DA:84,0
DA:87,0
DA:88,0
DA:90,0
DA:93,0
DA:94,0
DA:95,0
DA:97,0
DA:100,0
DA:116,0
DA:119,0
DA:134,0
DA:137,0
DA:138,0
DA:139,0
DA:140,0
DA:141,0
DA:142,0
DA:143,0
DA:144,0
DA:146,0
DA:149,0
DA:150,0
DA:151,0
DA:152,0
DA:155,0
DA:156,0
DA:157,0
DA:158,0
DA:159,0
DA:160,0
DA:161,0
DA:162,0
DA:164,0
DA:167,73
DA:168,19
DA:169,695
DA:172,0
DA:173,0
DA:176,0
DA:177,0
DA:178,0
DA:179,0
DA:183,0
DA:184,0
DA:187,0
DA:190,0
DA:191,0
DA:192,0
DA:193,0
DA:194,0
DA:198,0
DA:199,0
DA:200,0
DA:203,0
DA:206,0
DA:207,0
DA:208,0
DA:209,0
DA:210,0
DA:211,0
DA:212,0
DA:213,0
DA:215,0
DA:218,0
DA:219,0
DA:220,0
DA:222,0
DA:225,0
DA:226,0
DA:228,0
DA:237,0
DA:239,0
DA:241,0
DA:243,0
DA:245,0
DA:247,0
DA:249,0
DA:251,0
DA:253,0
DA:255,0
DA:257,0
DA:259,0
DA:260,0
DA:261,0
DA:263,0
DA:268,0
DA:276,0
DA:277,0
DA:286,0
DA:287,0
DA:288,0
DA:289,0
DA:290,0
DA:291,0
DA:293,0
DA:294,0
DA:296,0
DA:299,19
DA:300,19
DA:301,112
DA:302,57
DA:303,57
DA:304,57
DA:305,1178
DA:307,57
DA:309,55
DA:310,0
DA:311,0
DA:314,55
DA:317,19
DA:323,0
DA:324,0
DA:325,0
DA:326,0
DA:327,0
DA:328,0
DA:331,0
DA:334,0
DA:335,0
DA:336,0
DA:339,0
DA:340,0
DA:341,0
DA:342,0
DA:344,0
DA:348,0
DA:349,0
DA:350,0
DA:351,0
DA:352,0
DA:353,0
DA:354,0
DA:355,0
DA:356,0
DA:358,0
DA:360,0
DA:362,0
DA:364,0
DA:366,0
DA:369,0
DA:373,86
DA:374,2
DA:375,86
DA:376,2
DA:377,86
DA:378,2
DA:379,86
DA:380,2
DA:381,86
DA:383,0
DA:385,73
DA:387,0
DA:389,0
DA:391,0
DA:393,0
DA:396,13
DA:400,0
DA:403,0
DA:411,0
DA:412,0
DA:413,0
DA:414,0
DA:415,0
DA:416,0
DA:417,0
DA:419,0
DA:420,0
DA:421,0
DA:422,0
DA:426,0
DA:427,0
DA:429,0
DA:430,0
DA:432,0
DA:433,0
DA:434,0
DA:435,0
DA:436,0
DA:437,0
DA:439,0
DA:440,0
DA:442,0
DA:443,0
DA:444,0
DA:447,0
DA:450,0
DA:451,0
DA:452,0
DA:454,0
DA:455,0
DA:456,0
DA:457,0
DA:458,0
DA:460,0
DA:461,0
DA:465,0
DA:468,0
DA:469,0
DA:470,0
DA:472,0
DA:475,0
DA:478,0
DA:479,0
DA:480,0
DA:481,0
DA:485,3
DA:486,3
DA:489,0
DA:491,3
LF:247
LH:42
BRDA:30,0,0,0
BRDA:30,0,1,1178
BRDA:39,1,0,0
BRDA:39,1,1,114
BRDA:42,2,0,0
BRDA:42,2,1,0
BRDA:42,3,0,0
BRDA:42,3,1,0
BRDA:42,3,2,0
BRDA:42,3,3,0
BRDA:54,4,0,0
BRDA:56,5,0,0
BRDA:56,5,1,0
BRDA:56,6,0,0
BRDA:56,6,1,0
BRDA:59,7,0,0
BRDA:59,7,1,0
BRDA:60,8,0,0
BRDA:60,8,1,0
BRDA:60,9,0,0
BRDA:60,9,1,0
BRDA:73,10,0,0
BRDA:73,10,1,0
BRDA:73,11,0,0
BRDA:73,11,1,0
BRDA:78,12,0,0
BRDA:79,13,0,0
BRDA:79,13,1,0
BRDA:82,14,0,0
BRDA:83,15,0,0
BRDA:83,15,1,0
BRDA:86,16,0,0
BRDA:87,17,0,0
BRDA:87,17,1,0
BRDA:92,18,0,0
BRDA:116,19,0,0
BRDA:116,19,1,0
BRDA:134,20,0,0
BRDA:134,20,1,0
BRDA:137,21,0,0
BRDA:137,21,1,0
BRDA:143,22,0,0
BRDA:143,22,1,0
BRDA:149,23,0,0
BRDA:149,23,1,0
BRDA:155,24,0,0
BRDA:155,24,1,0
BRDA:159,25,0,0
BRDA:159,25,1,0
BRDA:161,26,0,0
BRDA:161,26,1,0
BRDA:167,27,0,19
BRDA:167,27,1,54
BRDA:167,28,0,73
BRDA:167,28,1,73
BRDA:177,29,0,0
BRDA:177,29,1,0
BRDA:191,30,0,0
BRDA:191,30,1,0
BRDA:206,31,0,0
BRDA:206,31,1,0
BRDA:212,32,0,0
BRDA:212,32,1,0
BRDA:217,33,0,0
BRDA:219,34,0,0
BRDA:219,34,1,0
BRDA:226,35,0,0
BRDA:226,35,1,0
BRDA:226,35,2,0
BRDA:226,35,3,0
BRDA:226,35,4,0
BRDA:226,35,5,0
BRDA:226,35,6,0
BRDA:226,35,7,0
BRDA:226,35,8,0
BRDA:226,35,9,0
BRDA:226,35,10,0
BRDA:226,35,11,0
BRDA:226,35,12,0
BRDA:226,35,13,0
BRDA:226,35,14,0
BRDA:226,35,15,0
BRDA:226,35,16,0
BRDA:226,35,17,0
BRDA:226,35,18,0
BRDA:226,35,19,0
BRDA:226,35,20,0
BRDA:259,36,0,0
BRDA:259,36,1,0
BRDA:290,37,0,0
BRDA:290,37,1,0
BRDA:301,38,0,57
BRDA:301,38,1,55
BRDA:301,39,0,112
BRDA:301,39,1,74
BRDA:301,39,2,57
BRDA:309,40,0,0
BRDA:309,40,1,55
BRDA:309,41,0,55
BRDA:309,41,1,17
BRDA:309,41,2,0
BRDA:319,42,0,0
BRDA:326,43,0,0
BRDA:326,43,1,0
BRDA:334,44,0,0
BRDA:334,44,1,0
BRDA:341,45,0,0
BRDA:341,45,1,0
BRDA:348,46,0,0
BRDA:348,46,1,0
BRDA:350,47,0,0
BRDA:350,47,1,0
BRDA:352,48,0,0
BRDA:352,48,1,0
BRDA:354,49,0,0
BRDA:354,49,1,0
BRDA:356,50,0,0
BRDA:356,50,1,0
BRDA:356,50,2,0
BRDA:356,50,3,0
BRDA:356,50,4,0
BRDA:356,50,5,0
BRDA:356,50,6,0
BRDA:373,51,0,2
BRDA:373,51,1,84
BRDA:375,52,0,2
BRDA:375,52,1,84
BRDA:377,53,0,2
BRDA:377,53,1,84
BRDA:379,54,0,2
BRDA:379,54,1,84
BRDA:381,55,0,0
BRDA:381,55,1,73
BRDA:381,55,2,0
BRDA:381,55,3,0
BRDA:381,55,4,0
BRDA:381,55,5,0
BRDA:381,55,6,13
BRDA:415,56,0,0
BRDA:415,56,1,0
BRDA:419,57,0,0
BRDA:419,57,1,0
BRDA:421,58,0,0
BRDA:421,58,1,0
BRDA:425,59,0,0
BRDA:425,60,0,0
BRDA:429,61,0,0
BRDA:429,61,1,0
BRDA:429,62,0,0
BRDA:429,62,1,0
BRDA:434,63,0,0
BRDA:434,63,1,0
BRDA:435,64,0,0
BRDA:435,64,1,0
BRDA:439,65,0,0
BRDA:439,65,1,0
BRDA:439,66,0,0
BRDA:439,66,1,0
BRDA:442,67,0,0
BRDA:442,67,1,0
BRDA:442,68,0,0
BRDA:442,68,1,0
BRDA:443,69,0,0
BRDA:443,69,1,0
BRDA:450,70,0,0
BRDA:450,70,1,0
BRDA:450,71,0,0
BRDA:450,71,1,0
BRDA:454,72,0,0
BRDA:454,72,1,0
BRDA:454,73,0,0
BRDA:454,73,1,0
BRDA:460,74,0,0
BRDA:460,74,1,0
BRDA:460,75,0,0
BRDA:460,75,1,0
BRDA:468,76,0,0
BRDA:468,76,1,0
BRDA:477,77,0,0
BRDA:478,78,0,0
BRDA:478,78,1,0
BRDA:481,79,0,0
BRDA:481,79,1,0
BRDA:482,80,0,0
BRDA:482,80,1,0
BRF:185
BRH:24
end_of_record
TN:
SF:dist/chef/errors/OperationError.js
FN:17,(anonymous_0)
FNF:1
FNH:1
FNDA:3,(anonymous_0)
DA:14,4
DA:15,4
DA:18,3
DA:19,3
DA:20,3
DA:23,4
DA:24,4
LF:7
LH:7
BRDA:18,0,0,0
BRDA:18,0,1,3
BRF:2
BRH:1
end_of_record
TN:
SF:dist/chef/lib/Base64.js
FN:19,toBase64
FN:57,fromBase64
FNF:2
FNH:2
FNDA:9,toBase64
FNDA:10,fromBase64
DA:14,3
DA:15,3
DA:16,3
DA:17,3
DA:18,3
DA:20,9
DA:21,0
DA:22,9
DA:23,0
DA:25,9
DA:26,0
DA:28,9
DA:29,9
DA:30,0
DA:32,9
DA:33,9
DA:34,9
DA:35,9
DA:36,37
DA:37,37
DA:38,37
DA:39,37
DA:40,37
DA:41,37
DA:42,37
DA:43,37
DA:44,3
DA:46,34
DA:47,3
DA:49,37
DA:55,9
DA:58,10
DA:59,0
DA:61,10
DA:62,10
DA:63,10
DA:64,0
DA:66,10
DA:67,10
DA:68,10
DA:70,10
DA:71,0
DA:72,0
DA:74,0
DA:75,0
DA:76,0
DA:77,0
DA:78,0
DA:79,0
DA:81,0
DA:82,0
DA:87,10
DA:88,10
DA:89,10
DA:90,43
DA:91,43
DA:92,43
DA:93,43
DA:94,43
DA:95,0
DA:97,43
DA:98,43
DA:99,43
DA:100,43
DA:101,43
DA:102,43
DA:103,40
DA:104,43
DA:105,35
DA:107,10
DA:108,0
DA:110,10
LF:72
LH:54
BRDA:19,0,0,0
BRDA:20,1,0,0
BRDA:20,1,1,9
BRDA:22,2,0,0
BRDA:22,2,1,9
BRDA:25,3,0,0
BRDA:25,3,1,9
BRDA:29,4,0,0
BRDA:29,4,1,9
BRDA:29,5,0,9
BRDA:29,5,1,8
BRDA:32,6,0,0
BRDA:32,6,1,9
BRDA:43,7,0,3
BRDA:43,7,1,34
BRDA:46,8,0,3
BRDA:46,8,1,31
BRDA:52,9,0,3
BRDA:52,9,1,34
BRDA:52,10,0,3
BRDA:52,10,1,0
BRDA:53,11,0,6
BRDA:53,11,1,31
BRDA:53,12,0,6
BRDA:53,12,1,0
BRDA:57,13,0,0
BRDA:57,14,0,0
BRDA:57,15,0,0
BRDA:57,16,0,0
BRDA:58,17,0,0
BRDA:58,17,1,10
BRDA:59,18,0,0
BRDA:59,18,1,0
BRDA:61,19,0,10
BRDA:61,19,1,0
BRDA:63,20,0,0
BRDA:63,20,1,10
BRDA:63,21,0,10
BRDA:63,21,1,9
BRDA:66,22,0,10
BRDA:66,22,1,0
BRDA:70,23,0,0
BRDA:70,23,1,10
BRDA:71,24,0,0
BRDA:71,24,1,0
BRDA:74,25,0,0
BRDA:74,25,1,0
BRDA:77,26,0,0
BRDA:77,26,1,0
BRDA:78,27,0,0
BRDA:78,27,1,0
BRDA:78,28,0,0
BRDA:78,28,1,0
BRDA:81,29,0,0
BRDA:81,29,1,0
BRDA:90,30,0,43
BRDA:90,30,1,0
BRDA:91,31,0,43
BRDA:91,31,1,0
BRDA:92,32,0,43
BRDA:92,32,1,0
BRDA:93,33,0,43
BRDA:93,33,1,0
BRDA:94,34,0,0
BRDA:94,34,1,43
BRDA:94,35,0,43
BRDA:94,35,1,0
BRDA:94,35,2,0
BRDA:94,35,3,0
BRDA:94,35,4,0
BRDA:100,36,0,43
BRDA:100,36,1,0
BRDA:100,37,0,43
BRDA:100,37,1,43
BRDA:102,38,0,40
BRDA:102,38,1,3
BRDA:102,39,0,43
BRDA:102,39,1,43
BRDA:102,39,2,40
BRDA:102,39,3,40
BRDA:104,40,0,35
BRDA:104,40,1,8
BRDA:104,41,0,43
BRDA:104,41,1,43
BRDA:104,41,2,35
BRDA:104,41,3,35
BRDA:107,42,0,0
BRDA:107,42,1,10
BRF:88
BRH:46
end_of_record
TN:
SF:dist/chef/lib/Binary.js
FN:19,toBinary
FN:30,(anonymous_1)
FN:33,fromBinary
FN:51,(anonymous_3)
FN:51,(anonymous_4)
FNF:5
FNH:0
FNDA:0,toBinary
FNDA:0,(anonymous_1)
FNDA:0,fromBinary
FNDA:0,(anonymous_3)
FNDA:0,(anonymous_4)
DA:14,2
DA:15,2
DA:16,2
DA:17,2
DA:18,2
DA:20,0
DA:21,0
DA:22,0
DA:23,0
DA:24,0
DA:26,0
DA:27,0
DA:28,0
DA:29,0
DA:30,0
DA:34,0
DA:35,0
DA:37,0
DA:38,0
DA:42,0
DA:43,0
DA:44,0
DA:45,0
DA:46,0
DA:47,0
DA:51,0
LF:26
LH:5
BRDA:19,0,0,0
BRDA:19,1,0,0
BRDA:20,2,0,0
BRDA:20,2,1,0
BRDA:20,3,0,0
BRDA:20,3,1,0
BRDA:23,4,0,0
BRDA:23,4,1,0
BRDA:26,5,0,0
BRDA:26,5,1,0
BRDA:27,6,0,0
BRDA:27,6,1,0
BRDA:33,7,0,0
BRDA:34,8,0,0
BRDA:34,8,1,0
BRDA:37,9,0,0
BRDA:37,9,1,0
BRDA:37,10,0,0
BRDA:37,10,1,0
BRDA:43,11,0,0
BRDA:43,11,1,0
BRDA:43,12,0,0
BRDA:43,12,1,0
BRF:23
BRH:0
end_of_record
TN:
SF:dist/chef/lib/Blowfish.js
FN:14,(anonymous_0)
FN:183,xor
FN:186,f
FN:200,eb
FN:223,db
FN:246,encryptBlock
FN:252,decryptBlock
FN:259,(anonymous_7)
FN:265,(anonymous_8)
FN:268,(anonymous_9)
FN:294,(anonymous_10)
FN:298,(anonymous_11)
FN:306,(anonymous_12)
FN:337,(anonymous_13)
FN:344,(anonymous_14)
FNF:15
FNH:15
FNDA:1,(anonymous_0)
FNDA:212976,xor
FNDA:100224,f
FNDA:6260,eb
FNDA:4,db
FNDA:8,encryptBlock
FNDA:4,decryptBlock
FNDA:6,(anonymous_7)
FNDA:8,(anonymous_8)
FNDA:4,(anonymous_9)
FNDA:12,(anonymous_10)
FNDA:96,(anonymous_11)
FNDA:216,(anonymous_12)
FNDA:4,(anonymous_13)
FNDA:2,(anonymous_14)
DA:14,1
DA:15,1
DA:17,1
DA:18,1
DA:19,1
DA:20,1
DA:184,212976
DA:187,100224
DA:188,100224
DA:189,100224
DA:190,100224
DA:191,100224
DA:192,100224
DA:193,100224
DA:194,100224
DA:196,100224
DA:197,100224
DA:201,6260
DA:202,6260
DA:203,6260
DA:204,6260
DA:205,6260
DA:206,6260
DA:207,6260
DA:208,6260
DA:209,6260
DA:210,6260
DA:211,6260
DA:212,6260
DA:213,6260
DA:214,6260
DA:215,6260
DA:216,6260
DA:217,6260
DA:218,6260
DA:219,6260
DA:220,6260
DA:221,6260
DA:224,4
DA:225,4
DA:226,4
DA:227,4
DA:228,4
DA:229,4
DA:230,4
DA:231,4
DA:232,4
DA:233,4
DA:234,4
DA:235,4
DA:236,4
DA:237,4
DA:238,4
DA:239,4
DA:240,4
DA:241,4
DA:242,4
DA:243,4
DA:244,4
DA:247,8
DA:248,8
DA:249,8
DA:250,8
DA:253,4
DA:254,4
DA:255,4
DA:256,4
DA:260,6
DA:261,6
DA:262,6
DA:266,8
DA:269,4
DA:273,6
DA:275,2
DA:276,2
DA:278,4
DA:279,4
DA:281,0
DA:282,0
DA:284,0
DA:285,0
DA:287,0
DA:288,0
DA:290,0
DA:291,0
DA:295,12
DA:297,12
DA:298,96
DA:301,0
DA:303,12
DA:304,12
DA:305,12
DA:307,216
DA:308,216
DA:309,864
DA:311,216
DA:319,12
DA:320,108
DA:321,108
DA:322,108
DA:324,12
DA:325,48
DA:326,48
DA:327,6144
DA:328,6144
DA:329,6144
DA:332,12
DA:335,1
DA:336,1
DA:338,4
DA:345,2
LF:111
LH:102
BRDA:14,0,0,1
BRDA:14,0,1,1
BRDA:14,0,2,1
BRDA:15,1,0,0
BRDA:15,1,1,1
BRDA:15,2,0,1
BRDA:15,2,1,1
BRDA:273,3,0,2
BRDA:273,3,1,4
BRDA:273,3,2,0
BRDA:273,3,3,0
BRDA:273,3,4,0
BRDA:273,3,5,0
BRDA:297,4,0,12
BRDA:297,4,1,0
BRF:15
BRH:9
end_of_record
TN:
SF:dist/chef/lib/Decimal.js
FN:18,fromDecimal
FN:29,toDecimal
FN:32,(anonymous_2)
FNF:3
FNH:0
FNDA:0,fromDecimal
FNDA:0,toDecimal
FNDA:0,(anonymous_2)
DA:14,2
DA:15,2
DA:16,2
DA:17,2
DA:19,0
DA:20,0
DA:21,0
DA:22,0
DA:23,0
DA:24,0
DA:25,0
DA:27,0
DA:30,0
DA:31,0
DA:32,0
LF:15
LH:4
BRDA:18,0,0,0
BRDA:19,1,0,0
BRDA:19,1,1,0
BRDA:22,2,0,0
BRDA:22,2,1,0
BRDA:29,3,0,0
BRDA:31,4,0,0
BRDA:31,4,1,0
BRF:8
BRH:0
end_of_record
TN:
SF:dist/chef/lib/Hex.js
FN:35,toHex
FN:59,toHexFast
FN:72,fromHex
FNF:3
FNH:1
FNDA:0,toHex
FNDA:0,toHexFast
FNDA:83,fromHex
DA:14,2
DA:15,2
DA:16,2
DA:17,2
DA:18,2
DA:19,2
DA:20,2
DA:21,2
DA:34,2
DA:36,0
DA:37,0
DA:38,0
DA:39,0
DA:40,0
DA:41,0
DA:42,0
DA:43,0
DA:44,0
DA:45,0
DA:46,0
DA:47,0
DA:49,0
DA:50,0
DA:53,0
DA:54,0
DA:55,0
DA:57,0
DA:60,0
DA:61,0
DA:62,0
DA:63,0
DA:64,0
DA:65,0
DA:66,0
DA:67,0
DA:68,0
DA:70,0
DA:73,83
DA:74,0
DA:76,83
DA:77,83
DA:78,83
DA:81,0
DA:83,83
DA:84,83
DA:85,83
DA:86,839
DA:87,839
DA:88,839
DA:91,83
LF:50
LH:20
BRDA:35,0,0,0
BRDA:35,1,0,0
BRDA:35,2,0,0
BRDA:35,3,0,0
BRDA:36,4,0,0
BRDA:36,4,1,0
BRDA:38,5,0,0
BRDA:38,5,1,0
BRDA:40,6,0,0
BRDA:40,6,1,0
BRDA:42,7,0,0
BRDA:42,7,1,0
BRDA:42,7,2,0
BRDA:45,8,0,0
BRDA:45,8,1,0
BRDA:46,9,0,0
BRDA:46,9,1,0
BRDA:49,10,0,0
BRDA:49,10,1,0
BRDA:49,11,0,0
BRDA:49,11,1,0
BRDA:49,11,2,0
BRDA:53,12,0,0
BRDA:53,12,1,0
BRDA:54,13,0,0
BRDA:54,13,1,0
BRDA:60,14,0,0
BRDA:60,14,1,0
BRDA:62,15,0,0
BRDA:62,15,1,0
BRDA:64,16,0,0
BRDA:64,16,1,0
BRDA:72,17,0,83
BRDA:72,18,0,83
BRDA:73,19,0,0
BRDA:73,19,1,83
BRDA:73,20,0,83
BRDA:73,20,1,83
BRDA:76,21,0,83
BRDA:76,21,1,0
BRDA:77,22,0,83
BRDA:77,22,1,0
BRDA:87,23,0,839
BRDA:87,23,1,0
BRF:44
BRH:8
end_of_record
TN:
SF:dist/chef/operations/AESDecrypt.js
FN:14,(anonymous_0)
FN:30,(anonymous_1)
FN:121,(anonymous_2)
FN:135,(anonymous_3)
FNF:4
FNH:3
FNDA:4,(anonymous_0)
FNDA:4,(anonymous_1)
FNDA:4,(anonymous_2)
FNDA:0,(anonymous_3)
DA:14,1
DA:15,4
DA:17,1
DA:18,1
DA:19,1
DA:20,1
DA:21,1
DA:22,1
DA:31,4
DA:32,4
DA:33,4
DA:34,4
DA:36,4
DA:37,4
DA:38,4
DA:39,4
DA:122,4
DA:123,4
DA:124,0
DA:131,4
DA:132,4
DA:134,4
DA:135,0
DA:136,0
DA:139,4
DA:144,4
DA:145,4
DA:146,4
DA:147,4
DA:150,0
DA:154,1
DA:155,1
LF:32
LH:28
BRDA:14,0,0,1
BRDA:14,0,1,1
BRDA:14,0,2,1
BRDA:15,1,0,3
BRDA:15,1,1,1
BRDA:15,2,0,4
BRDA:15,2,1,4
BRDA:123,3,0,0
BRDA:123,3,1,4
BRDA:134,4,0,0
BRDA:134,4,1,4
BRDA:140,5,0,0
BRDA:140,5,1,4
BRDA:141,6,0,0
BRDA:141,6,1,4
BRDA:142,7,0,0
BRDA:142,7,1,4
BRDA:146,8,0,4
BRDA:146,8,1,0
BRDA:147,9,0,0
BRDA:147,9,1,4
BRF:21
BRH:14
end_of_record
TN:
SF:dist/chef/operations/AESEncrypt.js
FN:14,(anonymous_0)
FN:30,(anonymous_1)
FN:115,(anonymous_2)
FN:136,(anonymous_3)
FNF:4
FNH:4
FNDA:8,(anonymous_0)
FNDA:10,(anonymous_1)
FNDA:9,(anonymous_2)
FNDA:1,(anonymous_3)
DA:14,2
DA:15,8
DA:17,2
DA:18,2
DA:19,2
DA:20,2
DA:21,2
DA:22,2
DA:31,10
DA:32,10
DA:33,10
DA:34,10
DA:36,10
DA:37,10
DA:38,10
DA:39,10
DA:116,9
DA:117,9
DA:118,2
DA:125,7
DA:127,7
DA:128,0
DA:130,7
DA:131,7
DA:135,7
DA:136,1
DA:137,1
DA:140,7
DA:141,7
DA:142,7
DA:143,7
DA:144,0
DA:146,7
DA:149,0
DA:150,0
DA:155,0
DA:159,2
DA:160,2
LF:38
LH:33
BRDA:14,0,0,2
BRDA:14,0,1,2
BRDA:14,0,2,2
BRDA:15,1,0,6
BRDA:15,1,1,2
BRDA:15,2,0,8
BRDA:15,2,1,8
BRDA:117,3,0,2
BRDA:117,3,1,7
BRDA:127,4,0,0
BRDA:127,4,1,7
BRDA:127,5,0,7
BRDA:127,5,1,1
BRDA:133,6,0,0
BRDA:133,6,1,7
BRDA:135,7,0,1
BRDA:135,7,1,6
BRDA:142,8,0,7
BRDA:142,8,1,0
BRDA:143,9,0,0
BRDA:143,9,1,7
BRDA:149,10,0,0
BRDA:149,10,1,0
BRF:23
BRH:17
end_of_record
TN:
SF:dist/chef/operations/BlowfishDecrypt.js
FN:14,(anonymous_0)
FN:31,(anonymous_1)
FN:75,(anonymous_2)
FNF:3
FNH:3
FNDA:4,(anonymous_0)
FNDA:2,(anonymous_1)
FNDA:2,(anonymous_2)
DA:14,1
DA:15,4
DA:17,1
DA:18,1
DA:19,1
DA:20,1
DA:21,1
DA:22,1
DA:23,1
DA:32,2
DA:33,2
DA:34,2
DA:35,2
DA:37,2
DA:38,2
DA:39,2
DA:40,2
DA:76,2
DA:77,2
DA:78,0
DA:82,2
DA:83,0
DA:85,2
DA:86,2
DA:87,2
DA:88,2
DA:89,2
DA:90,2
DA:91,2
DA:94,0
DA:98,1
DA:99,1
LF:32
LH:29
BRDA:14,0,0,1
BRDA:14,0,1,1
BRDA:14,0,2,1
BRDA:15,1,0,3
BRDA:15,1,1,1
BRDA:15,2,0,4
BRDA:15,2,1,4
BRDA:77,3,0,0
BRDA:77,3,1,2
BRDA:77,4,0,2
BRDA:77,4,1,2
BRDA:82,5,0,0
BRDA:82,5,1,2
BRDA:82,6,0,2
BRDA:82,6,1,1
BRDA:90,7,0,2
BRDA:90,7,1,0
BRDA:91,8,0,0
BRDA:91,8,1,2
BRF:19
BRH:15
end_of_record
TN:
SF:dist/chef/operations/BlowfishEncrypt.js
FN:14,(anonymous_0)
FN:31,(anonymous_1)
FN:75,(anonymous_2)
FNF:3
FNH:3
FNDA:4,(anonymous_0)
FNDA:4,(anonymous_1)
FNDA:4,(anonymous_2)
DA:14,1
DA:15,4
DA:17,1
DA:18,1
DA:19,1
DA:20,1
DA:21,1
DA:22,1
DA:23,1
DA:32,4
DA:33,4
DA:34,4
DA:35,4
DA:37,4
DA:38,4
DA:39,4
DA:40,4
DA:76,4
DA:77,4
DA:78,0
DA:82,4
DA:83,0
DA:85,4
DA:86,4
DA:87,4
DA:88,4
DA:89,4
DA:90,4
DA:93,1
DA:94,1
LF:30
LH:28
BRDA:14,0,0,1
BRDA:14,0,1,1
BRDA:14,0,2,1
BRDA:15,1,0,3
BRDA:15,1,1,1
BRDA:15,2,0,4
BRDA:15,2,1,4
BRDA:77,3,0,0
BRDA:77,3,1,4
BRDA:77,4,0,4
BRDA:77,4,1,4
BRDA:82,5,0,0
BRDA:82,5,1,4
BRDA:82,6,0,4
BRDA:82,6,1,3
BRDA:90,7,0,4
BRDA:90,7,1,0
BRF:17
BRH:14
end_of_record
TN:
SF:dist/chef/operations/DESDecrypt.js
FN:14,(anonymous_0)
FN:30,(anonymous_1)
FN:105,(anonymous_2)
FN:122,(anonymous_3)
FNF:4
FNH:3
FNDA:4,(anonymous_0)
FNDA:2,(anonymous_1)
FNDA:2,(anonymous_2)
FNDA:0,(anonymous_3)
DA:14,1
DA:15,4
DA:17,1
DA:18,1
DA:19,1
DA:20,1
DA:21,1
DA:22,1
DA:31,2
DA:32,2
DA:33,2
DA:34,2
DA:36,2
DA:37,2
DA:38,2
DA:39,2
DA:106,2
DA:107,2
DA:108,0
DA:112,2
DA:113,0
DA:118,2
DA:119,2
DA:121,2
DA:122,0
DA:123,0
DA:126,2
DA:129,2
DA:130,2
DA:131,2
DA:132,2
DA:135,0
DA:139,1
DA:140,1
LF:34
LH:29
BRDA:14,0,0,1
BRDA:14,0,1,1
BRDA:14,0,2,1
BRDA:15,1,0,3
BRDA:15,1,1,1
BRDA:15,2,0,4
BRDA:15,2,1,4
BRDA:107,3,0,0
BRDA:107,3,1,2
BRDA:112,4,0,0
BRDA:112,4,1,2
BRDA:112,5,0,2
BRDA:112,5,1,0
BRDA:121,6,0,0
BRDA:121,6,1,2
BRDA:127,7,0,0
BRDA:127,7,1,2
BRDA:131,8,0,2
BRDA:131,8,1,0
BRDA:132,9,0,0
BRDA:132,9,1,2
BRF:21
BRH:14
end_of_record
TN:
SF:dist/chef/operations/DESEncrypt.js
FN:14,(anonymous_0)
FN:30,(anonymous_1)
FN:97,(anonymous_2)
FNF:3
FNH:3
FNDA:4,(anonymous_0)
FNDA:3,(anonymous_1)
FNDA:3,(anonymous_2)
DA:14,1
DA:15,4
DA:17,1
DA:18,1
DA:19,1
DA:20,1
DA:21,1
DA:22,1
DA:31,3
DA:32,3
DA:33,3
DA:34,3
DA:36,3
DA:37,3
DA:38,3
DA:39,3
DA:98,3
DA:99,3
DA:100,1
DA:104,2
DA:105,0
DA:110,2
DA:111,2
DA:112,2
DA:115,2
DA:116,2
DA:117,2
DA:120,1
DA:121,1
LF:29
LH:28
BRDA:14,0,0,1
BRDA:14,0,1,1
BRDA:14,0,2,1
BRDA:15,1,0,3
BRDA:15,1,1,1
BRDA:15,2,0,4
BRDA:15,2,1,4
BRDA:99,3,0,1
BRDA:99,3,1,2
BRDA:104,4,0,0
BRDA:104,4,1,2
BRDA:104,5,0,2
BRDA:104,5,1,0
BRDA:113,6,0,0
BRDA:113,6,1,2
BRDA:117,7,0,2
BRDA:117,7,1,0
BRF:17
BRH:13
end_of_record
TN:
SF:dist/chef/operations/FromBase64.js
FN:37,(anonymous_0)
FN:64,(anonymous_1)
FN:68,(anonymous_2)
FN:73,(anonymous_3)
FNF:4
FNH:2
FNDA:10,(anonymous_0)
FNDA:10,(anonymous_1)
FNDA:0,(anonymous_2)
FNDA:0,(anonymous_3)
DA:14,2
DA:15,2
DA:16,2
DA:17,2
DA:18,2
DA:38,10
DA:39,10
DA:40,10
DA:41,10
DA:43,10
DA:44,10
DA:45,10
DA:46,10
DA:65,10
DA:66,10
DA:69,0
DA:70,0
DA:71,0
DA:74,0
DA:75,0
DA:76,0
DA:79,2
DA:80,2
LF:23
LH:17
BRF:0
BRH:0
end_of_record
TN:
SF:dist/chef/operations/SHA1.js
FN:19,(anonymous_0)
FN:32,(anonymous_1)
FNF:2
FNH:2
FNDA:4,(anonymous_0)
FNDA:4,(anonymous_1)
DA:14,1
DA:15,1
DA:16,1
DA:17,1
DA:20,4
DA:21,4
DA:22,4
DA:23,4
DA:25,4
DA:26,4
DA:27,4
DA:28,4
DA:33,4
DA:36,1
DA:37,1
LF:15
LH:15
BRF:0
BRH:0
end_of_record
TN:
SF:dist/chef/operations/SHA2.js
FN:28,(anonymous_0)
FN:45,(anonymous_1)
FNF:2
FNH:2
FNDA:13,(anonymous_0)
FNDA:13,(anonymous_1)
DA:14,1
DA:15,1
DA:16,1
DA:17,1
DA:18,1
DA:19,1
DA:29,13
DA:30,13
DA:31,13
DA:32,13
DA:34,13
DA:35,13
DA:36,13
DA:37,13
DA:46,13
DA:47,13
DA:48,13
DA:49,0
DA:50,13
DA:53,1
DA:54,1
LF:21
LH:20
BRDA:48,0,0,0
BRDA:48,0,1,13
BRF:2
BRH:1
end_of_record
TN:
SF:dist/chef/operations/SHA3.js
FN:14,(anonymous_0)
FN:18,(anonymous_1)
FN:21,(anonymous_2)
FN:25,(anonymous_3)
FN:27,(anonymous_4)
FN:30,(anonymous_5)
FN:31,(anonymous_6)
FN:32,(anonymous_7)
FN:39,(anonymous_8)
FN:53,(anonymous_9)
FN:66,(anonymous_10)
FNF:11
FNH:8
FNDA:24,(anonymous_0)
FNDA:3,(anonymous_1)
FNDA:0,(anonymous_2)
FNDA:1,(anonymous_3)
FNDA:0,(anonymous_4)
FNDA:1,(anonymous_5)
FNDA:1,(anonymous_6)
FNDA:0,(anonymous_7)
FNDA:1,(anonymous_8)
FNDA:3,(anonymous_9)
FNDA:3,(anonymous_10)
DA:14,1
DA:15,24
DA:16,24
DA:17,24
DA:18,24
DA:20,24
DA:22,0
DA:23,0
DA:25,1
DA:26,1
DA:28,0
DA:30,1
DA:31,1
DA:32,1
DA:33,0
DA:34,0
DA:35,0
DA:37,1
DA:39,1
DA:40,1
DA:41,1
DA:42,24
DA:43,1
DA:44,1
DA:47,1
DA:48,1
DA:49,1
DA:50,1
DA:51,1
DA:54,3
DA:55,3
DA:56,3
DA:57,3
DA:59,3
DA:60,3
DA:61,3
DA:62,3
DA:67,3
DA:68,3
DA:69,3
DA:70,0
DA:71,3
DA:72,0
DA:73,0
DA:74,0
DA:78,1
DA:79,1
LF:47
LH:37
BRDA:14,0,0,1
BRDA:14,0,1,1
BRDA:14,0,2,1
BRDA:14,1,0,1
BRDA:14,1,1,0
BRDA:15,2,0,24
BRDA:15,2,1,0
BRDA:17,3,0,24
BRDA:17,3,1,0
BRDA:17,4,0,24
BRDA:17,4,1,24
BRDA:17,5,0,0
BRDA:17,5,1,24
BRDA:17,6,0,24
BRDA:17,6,1,0
BRDA:22,7,0,0
BRDA:22,7,1,0
BRDA:25,8,0,1
BRDA:25,8,1,1
BRDA:25,8,2,1
BRDA:25,9,0,1
BRDA:25,9,1,0
BRDA:30,10,0,1
BRDA:30,10,1,1
BRDA:30,10,2,1
BRDA:32,11,0,1
BRDA:32,11,1,0
BRDA:34,12,0,0
BRDA:34,12,1,0
BRDA:40,13,0,0
BRDA:40,13,1,1
BRDA:40,14,0,1
BRDA:40,14,1,1
BRDA:42,15,0,1
BRDA:42,15,1,0
BRDA:42,16,0,24
BRDA:42,16,1,0
BRDA:69,17,0,0
BRDA:69,17,1,3
BRDA:69,17,2,0
BRDA:69,17,3,0
BRDA:69,17,4,0
BRF:42
BRH:24
end_of_record
TN:
SF:dist/chef/operations/ToBase32.js
FN:22,(anonymous_0)
FN:35,(anonymous_1)
FNF:2
FNH:2
FNDA:1,(anonymous_0)
FNDA:1,(anonymous_1)
DA:14,1
DA:15,1
DA:16,1
DA:17,1
DA:18,1
DA:19,1
DA:20,1
DA:23,1
DA:24,1
DA:25,1
DA:26,1
DA:28,1
DA:29,1
DA:30,1
DA:36,1
DA:37,1
DA:38,1
DA:39,1
DA:40,1
DA:41,1
DA:42,1
DA:43,5
DA:44,5
DA:45,5
DA:46,8
DA:47,8
DA:50,1
DA:51,0
DA:53,1
DA:54,0
DA:56,1
DA:59,1
DA:60,1
LF:33
LH:31
BRDA:36,0,0,1
BRDA:36,0,1,0
BRDA:37,1,0,1
BRDA:37,1,1,0
BRDA:50,2,0,0
BRDA:50,2,1,1
BRF:6
BRH:3
end_of_record
TN:
SF:dist/chef/operations/ToBase64.js
FN:20,(anonymous_0)
FN:44,(anonymous_1)
FN:48,(anonymous_2)
FN:53,(anonymous_3)
FNF:4
FNH:2
FNDA:9,(anonymous_0)
FNDA:9,(anonymous_1)
FNDA:0,(anonymous_2)
FNDA:0,(anonymous_3)
DA:14,1
DA:15,1
DA:16,1
DA:17,1
DA:18,1
DA:21,9
DA:22,9
DA:23,9
DA:24,9
DA:26,9
DA:27,9
DA:28,9
DA:29,9
DA:36,9
DA:45,9
DA:46,9
DA:49,0
DA:50,0
DA:51,0
DA:54,0
DA:55,0
DA:56,0
DA:59,1
DA:60,1
LF:24
LH:18
BRF:0
BRH:0
end_of_record
TN:
SF:dist/chef/operations/TripleDESDecrypt.js
FN:21,(anonymous_0)
FN:45,(anonymous_1)
FNF:2
FNH:2
FNDA:2,(anonymous_0)
FNDA:2,(anonymous_1)
DA:6,1
DA:7,1
DA:8,1
DA:9,1
DA:10,1
DA:11,1
DA:22,2
DA:23,2
DA:24,2
DA:25,2
DA:26,2
DA:27,2
DA:28,2
DA:29,2
DA:46,2
DA:47,2
DA:48,2
DA:49,2
DA:50,2
DA:53,2
DA:54,2
DA:57,0
DA:59,2
DA:60,2
DA:63,0
DA:66,2
DA:67,0
DA:69,2
DA:70,0
DA:72,2
DA:73,0
DA:75,2
DA:82,2
DA:84,2
DA:85,2
DA:88,0
DA:91,2
DA:92,2
DA:95,0
DA:98,2
DA:99,2
DA:102,0
DA:104,2
DA:105,0
DA:106,0
DA:108,2
DA:111,1
DA:112,1
LF:48
LH:38
BRDA:53,0,0,2
BRDA:53,0,1,0
BRDA:59,1,0,2
BRDA:59,1,1,0
BRDA:66,2,0,0
BRDA:66,2,1,2
BRDA:69,3,0,0
BRDA:69,3,1,2
BRDA:72,4,0,0
BRDA:72,4,1,2
BRDA:72,5,0,2
BRDA:72,5,1,1
BRDA:82,6,0,2
BRDA:82,6,1,0
BRDA:84,7,0,2
BRDA:84,7,1,0
BRDA:92,8,0,1
BRDA:92,8,1,1
BRDA:104,9,0,0
BRDA:104,9,1,2
BRF:20
BRH:12
end_of_record
TN:
SF:dist/chef/operations/TripleDESEncrypt.js
FN:21,(anonymous_0)
FN:45,(anonymous_1)
FNF:2
FNH:2
FNDA:2,(anonymous_0)
FNDA:2,(anonymous_1)
DA:6,1
DA:7,1
DA:8,1
DA:9,1
DA:10,1
DA:11,1
DA:22,2
DA:23,2
DA:24,2
DA:25,2
DA:26,2
DA:27,2
DA:28,2
DA:29,2
DA:46,2
DA:47,2
DA:48,2
DA:49,2
DA:50,2
DA:53,2
DA:54,2
DA:57,0
DA:59,2
DA:60,2
DA:63,0
DA:66,2
DA:67,0
DA:69,2
DA:70,0
DA:72,2
DA:73,0
DA:75,2
DA:82,2
DA:84,2
DA:85,0
DA:88,2
DA:91,2
DA:92,2
DA:95,0
DA:97,2
DA:98,2
DA:99,2
DA:100,2
DA:102,0
DA:105,1
DA:106,1
LF:46
LH:38
BRDA:53,0,0,2
BRDA:53,0,1,0
BRDA:59,1,0,2
BRDA:59,1,1,0
BRDA:66,2,0,0
BRDA:66,2,1,2
BRDA:69,3,0,0
BRDA:69,3,1,2
BRDA:72,4,0,0
BRDA:72,4,1,2
BRDA:72,5,0,2
BRDA:72,5,1,1
BRDA:82,6,0,2
BRDA:82,6,1,0
BRDA:84,7,0,0
BRDA:84,7,1,2
BRDA:92,8,0,1
BRDA:92,8,1,1
BRDA:98,9,0,2
BRDA:98,9,1,0
BRF:20
BRH:12
end_of_record
TN:
SF:test/helpers.js
FN:3,strToAB
FN:10,abToStr
FN:14,byteArrToStr
FN:18,hexToAB
FNF:4
FNH:2
FNDA:22,strToAB
FNDA:0,abToStr
FNDA:12,byteArrToStr
FNDA:0,hexToAB
DA:4,22
DA:5,22
DA:6,22
DA:7,22
DA:11,0
DA:15,12
DA:19,0
DA:20,0
DA:21,0
DA:22,0
DA:25,3
LF:11
LH:6
BRF:0
BRH:0
end_of_record
